e:\gamelearning\tinyrenderer\tinyrenderer\debug\vc141.pdb
e:\gamelearning\tinyrenderer\tinyrenderer\debug\vc141.idb
e:\gamelearning\tinyrenderer\tinyrenderer\debug\tgaimage.obj
e:\gamelearning\tinyrenderer\tinyrenderer\debug\main.obj
e:\gamelearning\tinyrenderer\tinyrenderer\debug\model.obj
e:\gamelearning\tinyrenderer\tinyrenderer\debug\geometry.obj
e:\gamelearning\tinyrenderer\tinyrenderer\debug\our_gl.obj
e:\gamelearning\tinyrenderer\debug\tinyrenderer.exe
e:\gamelearning\tinyrenderer\debug\tinyrenderer.pdb
e:\gamelearning\tinyrenderer\tinyrenderer\debug\nativecodeanalysis.read.1.tlog
e:\gamelearning\tinyrenderer\tinyrenderer\debug\main.nativecodeanalysis.xml
e:\gamelearning\tinyrenderer\tinyrenderer\debug\vc.nativecodeanalysis.all.xml
e:\gamelearning\tinyrenderer\tinyrenderer\debug\tinyrenderer.tlog\cl.command.1.tlog
e:\gamelearning\tinyrenderer\tinyrenderer\debug\tinyrenderer.tlog\cl.read.1.tlog
e:\gamelearning\tinyrenderer\tinyrenderer\debug\tinyrenderer.tlog\cl.write.1.tlog
e:\gamelearning\tinyrenderer\tinyrenderer\debug\tinyrenderer.tlog\link-cvtres.read.1.tlog
e:\gamelearning\tinyrenderer\tinyrenderer\debug\tinyrenderer.tlog\link-cvtres.write.1.tlog
e:\gamelearning\tinyrenderer\tinyrenderer\debug\tinyrenderer.tlog\link-rc.read.1.tlog
e:\gamelearning\tinyrenderer\tinyrenderer\debug\tinyrenderer.tlog\link-rc.write.1.tlog
e:\gamelearning\tinyrenderer\tinyrenderer\debug\tinyrenderer.tlog\link.command.1.tlog
e:\gamelearning\tinyrenderer\tinyrenderer\debug\tinyrenderer.tlog\link.read.1.tlog
e:\gamelearning\tinyrenderer\tinyrenderer\debug\tinyrenderer.tlog\link.write.1.tlog
